[0.009s] Invoking command in '/home/bipin/ros2_ws/build/blue_color_filter': CMAKE_PREFIX_PATH=${CMAKE_PREFIX_PATH}:/home/bipin/ros2_ws/install/banana_webcam_driver:/opt/ros/humble /usr/bin/cmake --build /home/bipin/ros2_ws/build/blue_color_filter -- -j8 -l8
[0.083s] [ 50%] [32mBuilding CXX object CMakeFiles/color_filter.dir/src/color_filter.cpp.o[0m
[3.092s] [01m[K/home/bipin/ros2_ws/src/blue_color_filter/src/color_filter.cpp:[m[K In constructor â€˜[01m[KColorFilterNode::ColorFilterNode()[m[Kâ€™:
[3.092s] [01m[K/home/bipin/ros2_ws/src/blue_color_filter/src/color_filter.cpp:19:48:[m[K [01;31m[Kerror: [m[Kno matching function for call to â€˜[01m[Kimage_transport::ImageTransport::ImageTransport(ColorFilterNode*)[m[Kâ€™
[3.092s]    19 |         image_transport::ImageTransport it(this[01;31m[K)[m[K;
[3.093s]       |                                                [01;31m[K^[m[K
[3.093s] In file included from [01m[K/home/bipin/ros2_ws/src/blue_color_filter/src/color_filter.cpp:4[m[K:
[3.093s] [01m[K/opt/ros/humble/include/image_transport/image_transport/image_transport.hpp:111:12:[m[K [01;36m[Knote: [m[Kcandidate: â€˜[01m[Kimage_transport::ImageTransport::ImageTransport(rclcpp::Node::SharedPtr)[m[Kâ€™
[3.093s]   111 |   explicit [01;36m[KImageTransport[m[K(rclcpp::Node::SharedPtr node);
[3.093s]       |            [01;36m[K^~~~~~~~~~~~~~[m[K
[3.093s] [01m[K/opt/ros/humble/include/image_transport/image_transport/image_transport.hpp:111:51:[m[K [01;36m[Knote: [m[K  no known conversion for argument 1 from â€˜[01m[KColorFilterNode*[m[Kâ€™ to â€˜[01m[Krclcpp::Node::SharedPtr[m[Kâ€™ {aka â€˜[01m[Kstd::shared_ptr<rclcpp::Node>[m[Kâ€™}
[3.093s]   111 |   explicit ImageTransport([01;36m[Krclcpp::Node::SharedPtr node[m[K);
[3.093s]       |                           [01;36m[K~~~~~~~~~~~~~~~~~~~~~~~~^~~~[m[K
[4.434s] gmake[2]: *** [CMakeFiles/color_filter.dir/build.make:76: CMakeFiles/color_filter.dir/src/color_filter.cpp.o] Error 1
[4.434s] gmake[1]: *** [CMakeFiles/Makefile2:137: CMakeFiles/color_filter.dir/all] Error 2
[4.434s] gmake: *** [Makefile:146: all] Error 2
[4.436s] Invoked command in '/home/bipin/ros2_ws/build/blue_color_filter' returned '2': CMAKE_PREFIX_PATH=${CMAKE_PREFIX_PATH}:/home/bipin/ros2_ws/install/banana_webcam_driver:/opt/ros/humble /usr/bin/cmake --build /home/bipin/ros2_ws/build/blue_color_filter -- -j8 -l8
